<?xml version="1.0" encoding="UTF-8"?>
<coverage generated="1535421060301" clover="3.2.0">
  <project timestamp="1535421060301" name="All files">
    <metrics statements="31" coveredstatements="31" conditionals="0" coveredconditionals="0" methods="8" coveredmethods="8" elements="39" coveredelements="39" complexity="0" loc="31" ncloc="31" packages="2" files="2" classes="2">
      <package name="components">
        <metrics statements="2" coveredstatements="2" conditionals="0" coveredconditionals="0" methods="2" coveredmethods="2"/>
        <file name="Register.vue" path="C:\Users\Pichayean.Yen\Desktop\node\tdd_cmpv2\src\components\Register.vue">
          <metrics statements="2" coveredstatements="2" conditionals="0" coveredconditionals="0" methods="2" coveredmethods="2"/>
          <line num="23" count="5" type="stmt"/>
          <line num="35" count="1" type="stmt"/>
        </file>
      </package>
      <package name="components.test">
        <metrics statements="29" coveredstatements="29" conditionals="0" coveredconditionals="0" methods="6" coveredmethods="6"/>
        <file name="Register_test.js" path="C:\Users\Pichayean.Yen\Desktop\node\tdd_cmpv2\src\components\test\Register_test.js">
          <metrics statements="29" coveredstatements="29" conditionals="0" coveredconditionals="0" methods="6" coveredmethods="6"/>
          <line num="4" count="1" type="stmt"/>
          <line num="5" count="1" type="stmt"/>
          <line num="6" count="1" type="stmt"/>
          <line num="7" count="1" type="stmt"/>
          <line num="9" count="1" type="stmt"/>
          <line num="10" count="1" type="stmt"/>
          <line num="11" count="1" type="stmt"/>
          <line num="12" count="1" type="stmt"/>
          <line num="13" count="1" type="stmt"/>
          <line num="15" count="1" type="stmt"/>
          <line num="16" count="1" type="stmt"/>
          <line num="17" count="1" type="stmt"/>
          <line num="18" count="1" type="stmt"/>
          <line num="19" count="1" type="stmt"/>
          <line num="21" count="1" type="stmt"/>
          <line num="22" count="1" type="stmt"/>
          <line num="23" count="1" type="stmt"/>
          <line num="24" count="1" type="stmt"/>
          <line num="25" count="1" type="stmt"/>
          <line num="27" count="1" type="stmt"/>
          <line num="28" count="1" type="stmt"/>
          <line num="29" count="1" type="stmt"/>
          <line num="30" count="1" type="stmt"/>
          <line num="31" count="1" type="stmt"/>
          <line num="32" count="1" type="stmt"/>
          <line num="33" count="1" type="stmt"/>
          <line num="34" count="1" type="stmt"/>
          <line num="35" count="1" type="stmt"/>
          <line num="37" count="1" type="stmt"/>
        </file>
      </package>
    </metrics>
  </project>
</coverage>
