{"C:\\Users\\Pichayean.Yen\\Desktop\\node\\tdd_cmpv2\\src\\components\\Register.vue": {"path":"C:\\Users\\Pichayean.Yen\\Desktop\\node\\tdd_cmpv2\\src\\components\\Register.vue","statementMap":{"0":{"start":{"line":20,"column":0},"end":{"line":null,"column":-1}},"1":{"start":{"line":23,"column":0},"end":{"line":null,"column":-1}},"2":{"start":{"line":36,"column":0},"end":{"line":null,"column":-1}}},"fnMap":{"0":{"name":"data","decl":{"start":{"line":22,"column":0},"end":{"line":null,"column":-1}},"loc":{"start":{"line":22,"column":0},"end":{"line":33,"column":0}}},"1":{"name":"save","decl":{"start":{"line":35,"column":0},"end":{"line":null,"column":-1}},"loc":{"start":{"line":35,"column":0},"end":{"line":37,"column":0}}}},"branchMap":{},"s":{"0":1,"1":2,"2":1},"f":{"0":2,"1":1},"b":{}}
,"C:\\Users\\Pichayean.Yen\\Desktop\\node\\tdd_cmpv2\\test\\TestCase\\Register.js": {"path":"C:\\Users\\Pichayean.Yen\\Desktop\\node\\tdd_cmpv2\\test\\TestCase\\Register.js","statementMap":{"0":{"start":{"line":6,"column":0},"end":{"line":62,"column":3}},"1":{"start":{"line":7,"column":18},"end":{"line":7,"column":33}},"2":{"start":{"line":8,"column":2},"end":{"line":12,"column":5}},"3":{"start":{"line":9,"column":29},"end":{"line":9,"column":63}},"4":{"start":{"line":10,"column":6},"end":{"line":10,"column":39}},"5":{"start":{"line":11,"column":6},"end":{"line":11,"column":53}},"6":{"start":{"line":14,"column":2},"end":{"line":18,"column":5}},"7":{"start":{"line":15,"column":28},"end":{"line":15,"column":61}},"8":{"start":{"line":16,"column":6},"end":{"line":16,"column":40}},"9":{"start":{"line":17,"column":6},"end":{"line":17,"column":55}},"10":{"start":{"line":20,"column":2},"end":{"line":24,"column":5}},"11":{"start":{"line":21,"column":21},"end":{"line":21,"column":49}},"12":{"start":{"line":22,"column":6},"end":{"line":22,"column":27}},"13":{"start":{"line":23,"column":6},"end":{"line":23,"column":44}},"14":{"start":{"line":26,"column":2},"end":{"line":33,"column":5}},"15":{"start":{"line":27,"column":20},"end":{"line":27,"column":35}},"16":{"start":{"line":28,"column":28},"end":{"line":28,"column":40}},"17":{"start":{"line":30,"column":4},"end":{"line":30,"column":50}},"18":{"start":{"line":31,"column":4},"end":{"line":31,"column":44}},"19":{"start":{"line":32,"column":4},"end":{"line":32,"column":46}},"20":{"start":{"line":35,"column":2},"end":{"line":49,"column":5}},"21":{"start":{"line":36,"column":27},"end":{"line":36,"column":61}},"22":{"start":{"line":37,"column":4},"end":{"line":37,"column":37}},"23":{"start":{"line":39,"column":26},"end":{"line":39,"column":59}},"24":{"start":{"line":40,"column":4},"end":{"line":40,"column":38}},"25":{"start":{"line":42,"column":19},"end":{"line":42,"column":47}},"26":{"start":{"line":43,"column":4},"end":{"line":43,"column":25}},"27":{"start":{"line":45,"column":4},"end":{"line":45,"column":44}},"28":{"start":{"line":46,"column":4},"end":{"line":46,"column":61}},"29":{"start":{"line":47,"column":4},"end":{"line":47,"column":63}},"30":{"start":{"line":48,"column":4},"end":{"line":48,"column":63}},"31":{"start":{"line":51,"column":2},"end":{"line":60,"column":5}},"32":{"start":{"line":52,"column":4},"end":{"line":59,"column":7}},"33":{"start":{"line":53,"column":20},"end":{"line":53,"column":96}},"34":{"start":{"line":54,"column":23},"end":{"line":54,"column":72}},"35":{"start":{"line":55,"column":6},"end":{"line":58,"column":7}},"36":{"start":{"line":56,"column":8},"end":{"line":56,"column":89}},"37":{"start":{"line":57,"column":8},"end":{"line":57,"column":89}}},"fnMap":{"0":{"name":"(anonymous_0)","decl":{"start":{"line":6,"column":51},"end":{"line":6,"column":52}},"loc":{"start":{"line":6,"column":57},"end":{"line":62,"column":1}},"line":6},"1":{"name":"(anonymous_1)","decl":{"start":{"line":8,"column":40},"end":{"line":8,"column":41}},"loc":{"start":{"line":8,"column":46},"end":{"line":12,"column":3}},"line":8},"2":{"name":"(anonymous_2)","decl":{"start":{"line":14,"column":41},"end":{"line":14,"column":42}},"loc":{"start":{"line":14,"column":47},"end":{"line":18,"column":3}},"line":14},"3":{"name":"(anonymous_3)","decl":{"start":{"line":20,"column":34},"end":{"line":20,"column":35}},"loc":{"start":{"line":20,"column":40},"end":{"line":24,"column":3}},"line":20},"4":{"name":"(anonymous_4)","decl":{"start":{"line":26,"column":56},"end":{"line":26,"column":57}},"loc":{"start":{"line":26,"column":62},"end":{"line":33,"column":3}},"line":26},"5":{"name":"(anonymous_5)","decl":{"start":{"line":35,"column":112},"end":{"line":35,"column":113}},"loc":{"start":{"line":35,"column":118},"end":{"line":49,"column":3}},"line":35},"6":{"name":"(anonymous_6)","decl":{"start":{"line":51,"column":36},"end":{"line":51,"column":37}},"loc":{"start":{"line":51,"column":42},"end":{"line":60,"column":3}},"line":51},"7":{"name":"(anonymous_7)","decl":{"start":{"line":52,"column":110},"end":{"line":52,"column":111}},"loc":{"start":{"line":52,"column":116},"end":{"line":59,"column":5}},"line":52}},"branchMap":{},"s":{"0":1,"1":1,"2":1,"3":1,"4":1,"5":1,"6":1,"7":1,"8":1,"9":1,"10":1,"11":1,"12":1,"13":1,"14":1,"15":1,"16":1,"17":1,"18":1,"19":1,"20":1,"21":1,"22":1,"23":1,"24":1,"25":1,"26":1,"27":1,"28":1,"29":1,"30":0,"31":1,"32":1,"33":1,"34":1,"35":1,"36":2,"37":2},"f":{"0":1,"1":1,"2":1,"3":1,"4":1,"5":1,"6":1,"7":1},"b":{},"_coverageSchema":"332fd63041d2c1bcb487cc26dd0d5f7d97098a6c","hash":"f9ebdbbdee466d34a756b9ec0100635ef7076244"}
}
