{"C:\\Users\\Pichayean.Yen\\Desktop\\node\\tdd_cmpv2\\src\\App.vue": {"path":"C:\\Users\\Pichayean.Yen\\Desktop\\node\\tdd_cmpv2\\src\\App.vue","statementMap":{"0":{"start":{"line":10,"column":0},"end":{"line":null,"column":-1}}},"fnMap":{},"branchMap":{},"s":{"0":1},"f":{},"b":{}}
,"C:\\Users\\Pichayean.Yen\\Desktop\\node\\tdd_cmpv2\\src\\components\\Counter.vue": {"path":"C:\\Users\\Pichayean.Yen\\Desktop\\node\\tdd_cmpv2\\src\\components\\Counter.vue","statementMap":{"0":{"start":{"line":12,"column":0},"end":{"line":null,"column":-1}},"1":{"start":{"line":19,"column":0},"end":{"line":null,"column":-1}}},"fnMap":{"0":{"name":"data","decl":{"start":{"line":11,"column":0},"end":{"line":null,"column":-1}},"loc":{"start":{"line":11,"column":0},"end":{"line":15,"column":0}}},"1":{"name":"increment","decl":{"start":{"line":18,"column":0},"end":{"line":null,"column":-1}},"loc":{"start":{"line":18,"column":0},"end":{"line":20,"column":0}}}},"branchMap":{},"s":{"0":1,"1":1},"f":{"0":1,"1":1},"b":{}}
,"C:\\Users\\Pichayean.Yen\\Desktop\\node\\tdd_cmpv2\\src\\components\\MessageList.vue": {"path":"C:\\Users\\Pichayean.Yen\\Desktop\\node\\tdd_cmpv2\\src\\components\\MessageList.vue","statementMap":{"0":{"start":{"line":16,"column":0},"end":{"line":null,"column":-1}}},"fnMap":{"0":{"name":"calculate","decl":{"start":{"line":15,"column":0},"end":{"line":null,"column":-1}},"loc":{"start":{"line":15,"column":0},"end":{"line":17,"column":0}}}},"branchMap":{},"s":{"0":1},"f":{"0":1},"b":{}}
,"C:\\Users\\Pichayean.Yen\\Desktop\\node\\tdd_cmpv2\\src\\components\\Register.vue": {"path":"C:\\Users\\Pichayean.Yen\\Desktop\\node\\tdd_cmpv2\\src\\components\\Register.vue","statementMap":{"0":{"start":{"line":20,"column":0},"end":{"line":null,"column":-1}},"1":{"start":{"line":23,"column":0},"end":{"line":null,"column":-1}},"2":{"start":{"line":36,"column":0},"end":{"line":null,"column":-1}},"3":{"start":{"line":37,"column":0},"end":{"line":null,"column":-1}}},"fnMap":{"0":{"name":"data","decl":{"start":{"line":22,"column":0},"end":{"line":null,"column":-1}},"loc":{"start":{"line":22,"column":0},"end":{"line":33,"column":0}}},"1":{"name":"save","decl":{"start":{"line":35,"column":0},"end":{"line":null,"column":-1}},"loc":{"start":{"line":35,"column":0},"end":{"line":38,"column":0}}}},"branchMap":{},"s":{"0":1,"1":4,"2":2,"3":2},"f":{"0":4,"1":2},"b":{}}
,"C:\\Users\\Pichayean.Yen\\Desktop\\node\\tdd_cmpv2\\test\\TestCase\\CatInlist.js": {"path":"C:\\Users\\Pichayean.Yen\\Desktop\\node\\tdd_cmpv2\\test\\TestCase\\CatInlist.js","statementMap":{"0":{"start":{"line":7,"column":0},"end":{"line":36,"column":3}},"1":{"start":{"line":9,"column":4},"end":{"line":17,"column":7}},"2":{"start":{"line":10,"column":8},"end":{"line":10,"column":30}},"3":{"start":{"line":11,"column":8},"end":{"line":16,"column":20}},"4":{"start":{"line":19,"column":4},"end":{"line":21,"column":7}},"5":{"start":{"line":20,"column":8},"end":{"line":20,"column":46}},"6":{"start":{"line":23,"column":22},"end":{"line":23,"column":68}},"7":{"start":{"line":23,"column":35},"end":{"line":23,"column":68}},"8":{"start":{"line":25,"column":4},"end":{"line":34,"column":7}},"9":{"start":{"line":26,"column":8},"end":{"line":29,"column":11}},"10":{"start":{"line":27,"column":12},"end":{"line":27,"column":48}},"11":{"start":{"line":28,"column":12},"end":{"line":28,"column":61}},"12":{"start":{"line":30,"column":8},"end":{"line":33,"column":11}},"13":{"start":{"line":31,"column":28},"end":{"line":31,"column":46}},"14":{"start":{"line":32,"column":12},"end":{"line":32,"column":58}}},"fnMap":{"0":{"name":"(anonymous_0)","decl":{"start":{"line":7,"column":52},"end":{"line":7,"column":53}},"loc":{"start":{"line":7,"column":58},"end":{"line":36,"column":1}},"line":7},"1":{"name":"(anonymous_1)","decl":{"start":{"line":9,"column":15},"end":{"line":9,"column":16}},"loc":{"start":{"line":9,"column":21},"end":{"line":17,"column":5}},"line":9},"2":{"name":"(anonymous_2)","decl":{"start":{"line":19,"column":38},"end":{"line":19,"column":39}},"loc":{"start":{"line":19,"column":44},"end":{"line":21,"column":5}},"line":19},"3":{"name":"(anonymous_3)","decl":{"start":{"line":23,"column":22},"end":{"line":23,"column":23}},"loc":{"start":{"line":23,"column":35},"end":{"line":23,"column":68}},"line":23},"4":{"name":"(anonymous_4)","decl":{"start":{"line":25,"column":27},"end":{"line":25,"column":28}},"loc":{"start":{"line":25,"column":33},"end":{"line":34,"column":5}},"line":25},"5":{"name":"(anonymous_5)","decl":{"start":{"line":26,"column":37},"end":{"line":26,"column":38}},"loc":{"start":{"line":26,"column":43},"end":{"line":29,"column":9}},"line":26},"6":{"name":"(anonymous_6)","decl":{"start":{"line":30,"column":38},"end":{"line":30,"column":39}},"loc":{"start":{"line":30,"column":44},"end":{"line":33,"column":9}},"line":30}},"branchMap":{},"s":{"0":1,"1":1,"2":3,"3":3,"4":1,"5":1,"6":1,"7":1,"8":1,"9":1,"10":1,"11":1,"12":1,"13":1,"14":1},"f":{"0":1,"1":3,"2":1,"3":1,"4":1,"5":1,"6":1},"b":{},"_coverageSchema":"332fd63041d2c1bcb487cc26dd0d5f7d97098a6c","hash":"92cd0ed019f828a01754d961a73f9e9941ef7a67"}
,"C:\\Users\\Pichayean.Yen\\Desktop\\node\\tdd_cmpv2\\test\\TestCase\\Counter.js": {"path":"C:\\Users\\Pichayean.Yen\\Desktop\\node\\tdd_cmpv2\\test\\TestCase\\Counter.js","statementMap":{"0":{"start":{"line":4,"column":0},"end":{"line":10,"column":2}},"1":{"start":{"line":5,"column":4},"end":{"line":9,"column":6}},"2":{"start":{"line":6,"column":24},"end":{"line":6,"column":45}},"3":{"start":{"line":7,"column":8},"end":{"line":7,"column":47}},"4":{"start":{"line":8,"column":8},"end":{"line":8,"column":40}}},"fnMap":{"0":{"name":"(anonymous_0)","decl":{"start":{"line":4,"column":24},"end":{"line":4,"column":25}},"loc":{"start":{"line":4,"column":30},"end":{"line":10,"column":1}},"line":4},"1":{"name":"(anonymous_1)","decl":{"start":{"line":5,"column":50},"end":{"line":5,"column":51}},"loc":{"start":{"line":5,"column":56},"end":{"line":9,"column":5}},"line":5}},"branchMap":{},"s":{"0":1,"1":1,"2":1,"3":1,"4":1},"f":{"0":1,"1":1},"b":{},"_coverageSchema":"332fd63041d2c1bcb487cc26dd0d5f7d97098a6c","hash":"858967d478a76b742c41fced3f199f5e45eac347"}
,"C:\\Users\\Pichayean.Yen\\Desktop\\node\\tdd_cmpv2\\test\\TestCase\\Register.js": {"path":"C:\\Users\\Pichayean.Yen\\Desktop\\node\\tdd_cmpv2\\test\\TestCase\\Register.js","statementMap":{"0":{"start":{"line":5,"column":0},"end":{"line":48,"column":3}},"1":{"start":{"line":6,"column":18},"end":{"line":6,"column":33}},"2":{"start":{"line":7,"column":2},"end":{"line":10,"column":5}},"3":{"start":{"line":9,"column":4},"end":{"line":9,"column":66}},"4":{"start":{"line":11,"column":2},"end":{"line":15,"column":5}},"5":{"start":{"line":12,"column":29},"end":{"line":12,"column":63}},"6":{"start":{"line":13,"column":6},"end":{"line":13,"column":39}},"7":{"start":{"line":14,"column":6},"end":{"line":14,"column":53}},"8":{"start":{"line":16,"column":2},"end":{"line":20,"column":5}},"9":{"start":{"line":17,"column":28},"end":{"line":17,"column":61}},"10":{"start":{"line":18,"column":6},"end":{"line":18,"column":40}},"11":{"start":{"line":19,"column":6},"end":{"line":19,"column":55}},"12":{"start":{"line":21,"column":2},"end":{"line":25,"column":5}},"13":{"start":{"line":22,"column":21},"end":{"line":22,"column":49}},"14":{"start":{"line":23,"column":6},"end":{"line":23,"column":27}},"15":{"start":{"line":24,"column":6},"end":{"line":24,"column":44}},"16":{"start":{"line":26,"column":2},"end":{"line":35,"column":5}},"17":{"start":{"line":27,"column":29},"end":{"line":27,"column":63}},"18":{"start":{"line":28,"column":6},"end":{"line":28,"column":39}},"19":{"start":{"line":29,"column":28},"end":{"line":29,"column":61}},"20":{"start":{"line":30,"column":6},"end":{"line":30,"column":40}},"21":{"start":{"line":31,"column":21},"end":{"line":31,"column":49}},"22":{"start":{"line":32,"column":6},"end":{"line":32,"column":27}},"23":{"start":{"line":33,"column":6},"end":{"line":33,"column":45}},"24":{"start":{"line":34,"column":6},"end":{"line":34,"column":68}},"25":{"start":{"line":36,"column":2},"end":{"line":47,"column":5}},"26":{"start":{"line":37,"column":29},"end":{"line":37,"column":63}},"27":{"start":{"line":38,"column":6},"end":{"line":38,"column":39}},"28":{"start":{"line":39,"column":28},"end":{"line":39,"column":61}},"29":{"start":{"line":40,"column":6},"end":{"line":40,"column":40}},"30":{"start":{"line":41,"column":21},"end":{"line":41,"column":49}},"31":{"start":{"line":42,"column":6},"end":{"line":42,"column":27}},"32":{"start":{"line":43,"column":6},"end":{"line":43,"column":45}},"33":{"start":{"line":44,"column":6},"end":{"line":44,"column":63}},"34":{"start":{"line":45,"column":6},"end":{"line":45,"column":64}},"35":{"start":{"line":46,"column":6},"end":{"line":46,"column":65}},"36":{"start":{"line":51,"column":0},"end":{"line":60,"column":3}},"37":{"start":{"line":52,"column":2},"end":{"line":59,"column":5}},"38":{"start":{"line":53,"column":18},"end":{"line":53,"column":94}},"39":{"start":{"line":54,"column":21},"end":{"line":54,"column":70}},"40":{"start":{"line":55,"column":4},"end":{"line":58,"column":5}},"41":{"start":{"line":56,"column":6},"end":{"line":56,"column":87}},"42":{"start":{"line":57,"column":6},"end":{"line":57,"column":87}}},"fnMap":{"0":{"name":"(anonymous_0)","decl":{"start":{"line":5,"column":41},"end":{"line":5,"column":42}},"loc":{"start":{"line":5,"column":47},"end":{"line":48,"column":1}},"line":5},"1":{"name":"(anonymous_1)","decl":{"start":{"line":7,"column":43},"end":{"line":7,"column":44}},"loc":{"start":{"line":7,"column":49},"end":{"line":10,"column":3}},"line":7},"2":{"name":"(anonymous_2)","decl":{"start":{"line":11,"column":40},"end":{"line":11,"column":41}},"loc":{"start":{"line":11,"column":46},"end":{"line":15,"column":3}},"line":11},"3":{"name":"(anonymous_3)","decl":{"start":{"line":16,"column":41},"end":{"line":16,"column":42}},"loc":{"start":{"line":16,"column":47},"end":{"line":20,"column":3}},"line":16},"4":{"name":"(anonymous_4)","decl":{"start":{"line":21,"column":34},"end":{"line":21,"column":35}},"loc":{"start":{"line":21,"column":40},"end":{"line":25,"column":3}},"line":21},"5":{"name":"(anonymous_5)","decl":{"start":{"line":26,"column":71},"end":{"line":26,"column":72}},"loc":{"start":{"line":26,"column":77},"end":{"line":35,"column":3}},"line":26},"6":{"name":"(anonymous_6)","decl":{"start":{"line":36,"column":96},"end":{"line":36,"column":97}},"loc":{"start":{"line":36,"column":102},"end":{"line":47,"column":3}},"line":36},"7":{"name":"(anonymous_7)","decl":{"start":{"line":51,"column":44},"end":{"line":51,"column":45}},"loc":{"start":{"line":51,"column":50},"end":{"line":60,"column":1}},"line":51},"8":{"name":"(anonymous_8)","decl":{"start":{"line":52,"column":65},"end":{"line":52,"column":66}},"loc":{"start":{"line":52,"column":71},"end":{"line":59,"column":3}},"line":52}},"branchMap":{},"s":{"0":1,"1":1,"2":1,"3":1,"4":1,"5":1,"6":1,"7":1,"8":1,"9":1,"10":1,"11":1,"12":1,"13":1,"14":1,"15":1,"16":1,"17":1,"18":1,"19":1,"20":1,"21":1,"22":1,"23":1,"24":1,"25":1,"26":1,"27":1,"28":1,"29":1,"30":1,"31":1,"32":1,"33":1,"34":1,"35":1,"36":1,"37":1,"38":1,"39":1,"40":1,"41":2,"42":2},"f":{"0":1,"1":1,"2":1,"3":1,"4":1,"5":1,"6":1,"7":1,"8":1},"b":{},"_coverageSchema":"332fd63041d2c1bcb487cc26dd0d5f7d97098a6c","hash":"9b466ae2ce016c2182225fbd16ad16b4bb77c4ed"}
,"C:\\Users\\Pichayean.Yen\\Desktop\\node\\tdd_cmpv2\\test\\TestCase\\Wrapper_Classes.js": {"path":"C:\\Users\\Pichayean.Yen\\Desktop\\node\\tdd_cmpv2\\test\\TestCase\\Wrapper_Classes.js","statementMap":{"0":{"start":{"line":4,"column":0},"end":{"line":23,"column":3}},"1":{"start":{"line":5,"column":4},"end":{"line":8,"column":7}},"2":{"start":{"line":6,"column":22},"end":{"line":6,"column":38}},"3":{"start":{"line":7,"column":6},"end":{"line":7,"column":52}},"4":{"start":{"line":9,"column":4},"end":{"line":12,"column":7}},"5":{"start":{"line":10,"column":22},"end":{"line":10,"column":38}},"6":{"start":{"line":11,"column":6},"end":{"line":11,"column":53}},"7":{"start":{"line":13,"column":4},"end":{"line":17,"column":7}},"8":{"start":{"line":14,"column":22},"end":{"line":14,"column":38}},"9":{"start":{"line":15,"column":6},"end":{"line":15,"column":48}},"10":{"start":{"line":16,"column":6},"end":{"line":16,"column":53}},"11":{"start":{"line":18,"column":4},"end":{"line":22,"column":7}},"12":{"start":{"line":19,"column":24},"end":{"line":19,"column":40}},"13":{"start":{"line":20,"column":30},"end":{"line":20,"column":63}},"14":{"start":{"line":21,"column":8},"end":{"line":21,"column":38}}},"fnMap":{"0":{"name":"(anonymous_0)","decl":{"start":{"line":4,"column":48},"end":{"line":4,"column":49}},"loc":{"start":{"line":4,"column":54},"end":{"line":23,"column":1}},"line":4},"1":{"name":"(anonymous_1)","decl":{"start":{"line":5,"column":52},"end":{"line":5,"column":53}},"loc":{"start":{"line":5,"column":58},"end":{"line":8,"column":5}},"line":5},"2":{"name":"(anonymous_2)","decl":{"start":{"line":9,"column":47},"end":{"line":9,"column":48}},"loc":{"start":{"line":9,"column":53},"end":{"line":12,"column":5}},"line":9},"3":{"name":"(anonymous_3)","decl":{"start":{"line":13,"column":44},"end":{"line":13,"column":45}},"loc":{"start":{"line":13,"column":50},"end":{"line":17,"column":5}},"line":13},"4":{"name":"(anonymous_4)","decl":{"start":{"line":18,"column":44},"end":{"line":18,"column":45}},"loc":{"start":{"line":18,"column":50},"end":{"line":22,"column":5}},"line":18}},"branchMap":{},"s":{"0":1,"1":1,"2":1,"3":1,"4":1,"5":1,"6":1,"7":1,"8":1,"9":1,"10":1,"11":1,"12":1,"13":1,"14":1},"f":{"0":1,"1":1,"2":1,"3":1,"4":1},"b":{},"_coverageSchema":"332fd63041d2c1bcb487cc26dd0d5f7d97098a6c","hash":"d5b895747d2531244a8de3914490f6fa44061015"}
,"C:\\Users\\Pichayean.Yen\\Desktop\\node\\tdd_cmpv2\\test\\TestCase\\math.js": {"path":"C:\\Users\\Pichayean.Yen\\Desktop\\node\\tdd_cmpv2\\test\\TestCase\\math.js","statementMap":{"0":{"start":{"line":1,"column":12},"end":{"line":1,"column":27}},"1":{"start":{"line":1,"column":22},"end":{"line":1,"column":27}},"2":{"start":{"line":2,"column":12},"end":{"line":2,"column":27}},"3":{"start":{"line":2,"column":22},"end":{"line":2,"column":27}},"4":{"start":{"line":3,"column":12},"end":{"line":3,"column":27}},"5":{"start":{"line":3,"column":22},"end":{"line":3,"column":27}},"6":{"start":{"line":4,"column":12},"end":{"line":4,"column":27}},"7":{"start":{"line":4,"column":22},"end":{"line":4,"column":27}}},"fnMap":{"0":{"name":"(anonymous_0)","decl":{"start":{"line":1,"column":12},"end":{"line":1,"column":13}},"loc":{"start":{"line":1,"column":22},"end":{"line":1,"column":27}},"line":1},"1":{"name":"(anonymous_1)","decl":{"start":{"line":2,"column":12},"end":{"line":2,"column":13}},"loc":{"start":{"line":2,"column":22},"end":{"line":2,"column":27}},"line":2},"2":{"name":"(anonymous_2)","decl":{"start":{"line":3,"column":12},"end":{"line":3,"column":13}},"loc":{"start":{"line":3,"column":22},"end":{"line":3,"column":27}},"line":3},"3":{"name":"(anonymous_3)","decl":{"start":{"line":4,"column":12},"end":{"line":4,"column":13}},"loc":{"start":{"line":4,"column":22},"end":{"line":4,"column":27}},"line":4}},"branchMap":{},"s":{"0":1,"1":1,"2":1,"3":1,"4":1,"5":1,"6":1,"7":1},"f":{"0":1,"1":1,"2":1,"3":1},"b":{},"_coverageSchema":"332fd63041d2c1bcb487cc26dd0d5f7d97098a6c","hash":"0003292439866d2cc0dc6472ff5803484aa5e751"}
,"C:\\Users\\Pichayean.Yen\\Desktop\\node\\tdd_cmpv2\\test\\TestCase\\maths.js": {"path":"C:\\Users\\Pichayean.Yen\\Desktop\\node\\tdd_cmpv2\\test\\TestCase\\maths.js","statementMap":{"0":{"start":{"line":3,"column":0},"end":{"line":16,"column":3}},"1":{"start":{"line":4,"column":4},"end":{"line":6,"column":7}},"2":{"start":{"line":5,"column":8},"end":{"line":5,"column":34}},"3":{"start":{"line":7,"column":4},"end":{"line":9,"column":7}},"4":{"start":{"line":8,"column":8},"end":{"line":8,"column":34}},"5":{"start":{"line":10,"column":4},"end":{"line":12,"column":7}},"6":{"start":{"line":11,"column":8},"end":{"line":11,"column":34}},"7":{"start":{"line":13,"column":4},"end":{"line":15,"column":7}},"8":{"start":{"line":14,"column":8},"end":{"line":14,"column":34}}},"fnMap":{"0":{"name":"(anonymous_0)","decl":{"start":{"line":3,"column":33},"end":{"line":3,"column":34}},"loc":{"start":{"line":3,"column":39},"end":{"line":16,"column":1}},"line":3},"1":{"name":"(anonymous_1)","decl":{"start":{"line":4,"column":34},"end":{"line":4,"column":35}},"loc":{"start":{"line":4,"column":40},"end":{"line":6,"column":5}},"line":4},"2":{"name":"(anonymous_2)","decl":{"start":{"line":7,"column":39},"end":{"line":7,"column":40}},"loc":{"start":{"line":7,"column":45},"end":{"line":9,"column":5}},"line":7},"3":{"name":"(anonymous_3)","decl":{"start":{"line":10,"column":39},"end":{"line":10,"column":40}},"loc":{"start":{"line":10,"column":45},"end":{"line":12,"column":5}},"line":10},"4":{"name":"(anonymous_4)","decl":{"start":{"line":13,"column":36},"end":{"line":13,"column":37}},"loc":{"start":{"line":13,"column":42},"end":{"line":15,"column":5}},"line":13}},"branchMap":{},"s":{"0":1,"1":1,"2":1,"3":1,"4":1,"5":1,"6":1,"7":1,"8":1},"f":{"0":1,"1":1,"2":1,"3":1,"4":1},"b":{},"_coverageSchema":"332fd63041d2c1bcb487cc26dd0d5f7d97098a6c","hash":"f38c334887e8ae32636c5c2761ee464eb4ede8db"}
,"C:\\Users\\Pichayean.Yen\\Desktop\\node\\tdd_cmpv2\\test\\TestCase\\test01.js": {"path":"C:\\Users\\Pichayean.Yen\\Desktop\\node\\tdd_cmpv2\\test\\TestCase\\test01.js","statementMap":{"0":{"start":{"line":3,"column":0},"end":{"line":12,"column":3}},"1":{"start":{"line":4,"column":2},"end":{"line":7,"column":5}},"2":{"start":{"line":5,"column":20},"end":{"line":5,"column":36}},"3":{"start":{"line":6,"column":4},"end":{"line":6,"column":49}},"4":{"start":{"line":8,"column":2},"end":{"line":11,"column":5}},"5":{"start":{"line":9,"column":20},"end":{"line":9,"column":36}},"6":{"start":{"line":10,"column":4},"end":{"line":10,"column":46}}},"fnMap":{"0":{"name":"(anonymous_0)","decl":{"start":{"line":3,"column":43},"end":{"line":3,"column":44}},"loc":{"start":{"line":3,"column":49},"end":{"line":12,"column":1}},"line":3},"1":{"name":"(anonymous_1)","decl":{"start":{"line":4,"column":28},"end":{"line":4,"column":29}},"loc":{"start":{"line":4,"column":34},"end":{"line":7,"column":3}},"line":4},"2":{"name":"(anonymous_2)","decl":{"start":{"line":8,"column":22},"end":{"line":8,"column":23}},"loc":{"start":{"line":8,"column":28},"end":{"line":11,"column":3}},"line":8}},"branchMap":{},"s":{"0":1,"1":1,"2":1,"3":1,"4":1,"5":1,"6":1},"f":{"0":1,"1":1,"2":1},"b":{},"_coverageSchema":"332fd63041d2c1bcb487cc26dd0d5f7d97098a6c","hash":"8cd530aaacb4a7186794f9cf08cfe71f48f00344"}
,"C:\\Users\\Pichayean.Yen\\Desktop\\node\\tdd_cmpv2\\test\\TestCase\\test02.js": {"path":"C:\\Users\\Pichayean.Yen\\Desktop\\node\\tdd_cmpv2\\test\\TestCase\\test02.js","statementMap":{"0":{"start":{"line":3,"column":19},"end":{"line":13,"column":1}},"1":{"start":{"line":7,"column":12},"end":{"line":7,"column":22}},"2":{"start":{"line":10,"column":12},"end":{"line":10,"column":22}},"3":{"start":{"line":14,"column":16},"end":{"line":23,"column":1}},"4":{"start":{"line":17,"column":12},"end":{"line":17,"column":22}},"5":{"start":{"line":20,"column":12},"end":{"line":20,"column":22}},"6":{"start":{"line":24,"column":0},"end":{"line":29,"column":3}},"7":{"start":{"line":25,"column":4},"end":{"line":28,"column":7}},"8":{"start":{"line":26,"column":24},"end":{"line":26,"column":50}},"9":{"start":{"line":27,"column":8},"end":{"line":27,"column":43}}},"fnMap":{"0":{"name":"(anonymous_0)","decl":{"start":{"line":24,"column":41},"end":{"line":24,"column":42}},"loc":{"start":{"line":24,"column":47},"end":{"line":29,"column":1}},"line":24},"1":{"name":"(anonymous_1)","decl":{"start":{"line":25,"column":24},"end":{"line":25,"column":25}},"loc":{"start":{"line":25,"column":30},"end":{"line":28,"column":5}},"line":25}},"branchMap":{},"s":{"0":1,"1":1,"2":0,"3":1,"4":1,"5":1,"6":1,"7":1,"8":1,"9":1},"f":{"0":1,"1":1},"b":{},"_coverageSchema":"332fd63041d2c1bcb487cc26dd0d5f7d97098a6c","hash":"be49c6a249ea893521b1572cc42713c2ef96893b"}
}
